# JRE version: Java(TM) SE Runtime Environment (9.0+11) (build 9.0.4+11)
# Java VM: Java HotSpot(TM) 64-Bit Server VM (9.0.4+11, mixed mode, tiered, compressed oops, g1 gc, windows-amd64)
Heap:
 garbage-first heap   total 325632K, used 893K [0x00000000c2600000, 0x00000000c27009f0, 0x0000000100000000)
  region size 1024K, 1 young (1024K), 1 survivors (1024K)
 Metaspace       used 3701K, capacity 4486K, committed 4864K, reserved 1056768K
  class space    used 375K, capacity 386K, committed 512K, reserved 1048576K
GC Heap History (10 events):
Event: 179.389 GC heap after
{Heap after GC invocations=376 (full 0):
 garbage-first heap   total 150528K, used 893K [0x00000000c2600000, 0x00000000c2700498, 0x0000000100000000)
  region size 1024K, 1 young (1024K), 1 survivors (1024K)
 Metaspace       used 3701K, capacity 4486K, committed 4864K, reserved 1056768K
  class space    used 375K, capacity 386K, committed 512K, reserved 1048576K
}
Event: 181.850 GC heap before
{Heap before GC invocations=376 (full 0):
 garbage-first heap   total 150528K, used 89981K [0x00000000c2600000, 0x00000000c2700498, 0x0000000100000000)
  region size 1024K, 88 young (90112K), 1 survivors (1024K)
 Metaspace       used 3701K, capacity 4486K, committed 4864K, reserved 1056768K
  class space    used 375K, capacity 386K, committed 512K, reserved 1048576K
}
Event: 181.902 GC heap after
{Heap after GC invocations=377 (full 0):
 garbage-first heap   total 150528K, used 893K [0x00000000c2600000, 0x00000000c2700498, 0x0000000100000000)
  region size 1024K, 1 young (1024K), 1 survivors (1024K)
 Metaspace       used 3701K, capacity 4486K, committed 4864K, reserved 1056768K
  class space    used 375K, capacity 386K, committed 512K, reserved 1048576K
}
Event: 183.314 GC heap before
{Heap before GC invocations=377 (full 0):
 garbage-first heap   total 150528K, used 89981K [0x00000000c2600000, 0x00000000c2700498, 0x0000000100000000)
  region size 1024K, 88 young (90112K), 1 survivors (1024K)
 Metaspace       used 3701K, capacity 4486K, committed 4864K, reserved 1056768K
  class space    used 375K, capacity 386K, committed 512K, reserved 1048576K
}
Event: 183.876 GC heap after
{Heap after GC invocations=378 (full 0):
 garbage-first heap   total 150528K, used 893K [0x00000000c2600000, 0x00000000c2700498, 0x0000000100000000)
  region size 1024K, 1 young (1024K), 1 survivors (1024K)
 Metaspace       used 3701K, capacity 4486K, committed 4864K, reserved 1056768K
  class space    used 375K, capacity 386K, committed 512K, reserved 1048576K
}
Event: 184.724 GC heap before
{Heap before GC invocations=378 (full 0):
 garbage-first heap   total 150528K, used 89981K [0x00000000c2600000, 0x00000000c2700498, 0x0000000100000000)
  region size 1024K, 88 young (90112K), 1 survivors (1024K)
 Metaspace       used 3701K, capacity 4486K, committed 4864K, reserved 1056768K
  class space    used 375K, capacity 386K, committed 512K, reserved 1048576K
}
Event: 184.739 GC heap after
{Heap after GC invocations=379 (full 0):
 garbage-first heap   total 150528K, used 893K [0x00000000c2600000, 0x00000000c2700498, 0x0000000100000000)
  region size 1024K, 1 young (1024K), 1 survivors (1024K)
 Metaspace       used 3701K, capacity 4486K, committed 4864K, reserved 1056768K
  class space    used 375K, capacity 386K, committed 512K, reserved 1048576K
}
Event: 184.943 GC heap before
{Heap before GC invocations=379 (full 0):
 garbage-first heap   total 150528K, used 89981K [0x00000000c2600000, 0x00000000c2700498, 0x0000000100000000)
  region size 1024K, 88 young (90112K), 1 survivors (1024K)
 Metaspace       used 3701K, capacity 4486K, committed 4864K, reserved 1056768K
  class space    used 375K, capacity 386K, committed 512K, reserved 1048576K
}
Event: 184.984 GC heap after
{Heap after GC invocations=380 (full 0):
 garbage-first heap   total 150528K, used 893K [0x00000000c2600000, 0x00000000c2700498, 0x0000000100000000)
  region size 1024K, 1 young (1024K), 1 survivors (1024K)
 Metaspace       used 3701K, capacity 4486K, committed 4864K, reserved 1056768K
  class space    used 375K, capacity 386K, committed 512K, reserved 1048576K
}
Event: 185.139 GC heap before
{Heap before GC invocations=380 (full 0):
 garbage-first heap   total 150528K, used 89981K [0x00000000c2600000, 0x00000000c2700498, 0x0000000100000000)
  region size 1024K, 88 young (90112K), 1 survivors (1024K)
 Metaspace       used 3701K, capacity 4486K, committed 4864K, reserved 1056768K
  class space    used 375K, capacity 386K, committed 512K, reserved 1048576K
}

